<?xml version='1.0' encoding='UTF-8'?>
<testsuites name='HospitalTests.xctest' tests='8' failures='0'>
  <testsuite name='HospitalUITests.HospitalUITests' tests='2' failures='0'>
    <testcase classname='HospitalUITests.HospitalUITests' name='testExample' time='4.521'/>
    <testcase classname='HospitalUITests.HospitalUITests' name='testLaunchPerformance' time='104.120'/>
  </testsuite>
  <testsuite name='HospitalUITests.HospitalUITestsLaunchTests' tests='4' failures='0'>
    <testcase classname='HospitalUITests.HospitalUITestsLaunchTests' name='testLaunch' time='7.374'/>
    <testcase classname='HospitalUITests.HospitalUITestsLaunchTests' name='testLaunch' time='9.376'/>
    <testcase classname='HospitalUITests.HospitalUITestsLaunchTests' name='testLaunch' time='7.254'/>
    <testcase classname='HospitalUITests.HospitalUITestsLaunchTests' name='testLaunch' time='9.197'/>
  </testsuite>
  <testsuite name='HospitalTests.HospitalTests' tests='2' failures='0'>
    <testcase classname='HospitalTests.HospitalTests' name='testExample' time='0.006'/>
    <testcase classname='HospitalTests.HospitalTests' name='testPerformanceExample' time='0.273'/>
  </testsuite>
</testsuites>